
> ahmet_edu@0.1.0 start
> next start

▲ Next.js 16.1.6
- Local:         http://localhost:3000
- Network:       http://172.23.55.192:3000

✓ Starting...
⚠ Warning: Next.js inferred your workspace root, but it may not be correct.
 We detected multiple lockfiles and selected the directory of /Users/jaka/package-lock.json as the root directory.
 To silence this warning, set `outputFileTracingRoot` in your Next.js config, or consider removing one of the lockfiles if it's not needed.
   See https://nextjs.org/docs/app/api-reference/config/next-config-js/output#caveats for more information.
 Detected additional lockfiles: 
   * /Users/jaka/Projects/ahmet_edu/package-lock.json

✓ Ready in 501ms
⨯ Error [PrismaClientKnownRequestError]: 
Invalid `prisma.result.findMany()` invocation:


Can't reach database server at `ep-raspy-wind-aigdwgnv-pooler.c-4.us-east-1.aws.neon.tech:5432`

Please make sure your database server is running at `ep-raspy-wind-aigdwgnv-pooler.c-4.us-east-1.aws.neon.tech:5432`.
    at async n (.next/server/chunks/ssr/[root-of-the-server]__8d2d6be6._.js:23:3533)
    at async m (.next/server/chunks/ssr/Projects_ahmet_edu_04d9592b._.js:1:7245) {
  code: 'P1001',
  clientVersion: '6.0.0',
  meta: [Object],
  digest: '323331746'
}
⨯ Error [PrismaClientKnownRequestError]: 
Invalid `prisma.result.findMany()` invocation:


Can't reach database server at `ep-raspy-wind-aigdwgnv-pooler.c-4.us-east-1.aws.neon.tech:5432`

Please make sure your database server is running at `ep-raspy-wind-aigdwgnv-pooler.c-4.us-east-1.aws.neon.tech:5432`.
    at async n (.next/server/chunks/ssr/[root-of-the-server]__8d2d6be6._.js:23:3533)
    at async m (.next/server/chunks/ssr/Projects_ahmet_edu_04d9592b._.js:1:7245) {
  code: 'P1001',
  clientVersion: '6.0.0',
  meta: [Object],
  digest: '323331746'
}
⨯ Error [PrismaClientKnownRequestError]: 
Invalid `prisma.result.findMany()` invocation:


Can't reach database server at `ep-raspy-wind-aigdwgnv-pooler.c-4.us-east-1.aws.neon.tech:5432`

Please make sure your database server is running at `ep-raspy-wind-aigdwgnv-pooler.c-4.us-east-1.aws.neon.tech:5432`.
    at async n (.next/server/chunks/ssr/[root-of-the-server]__8d2d6be6._.js:23:3533)
    at async m (.next/server/chunks/ssr/Projects_ahmet_edu_04d9592b._.js:1:7245) {
  code: 'P1001',
  clientVersion: '6.0.0',
  meta: [Object],
  digest: '323331746'
}
⨯ Error [PrismaClientKnownRequestError]: 
Invalid `prisma.result.findMany()` invocation:


Can't reach database server at `ep-raspy-wind-aigdwgnv-pooler.c-4.us-east-1.aws.neon.tech:5432`

Please make sure your database server is running at `ep-raspy-wind-aigdwgnv-pooler.c-4.us-east-1.aws.neon.tech:5432`.
    at async n (.next/server/chunks/ssr/[root-of-the-server]__8d2d6be6._.js:23:3533)
    at async m (.next/server/chunks/ssr/Projects_ahmet_edu_04d9592b._.js:1:7245) {
  code: 'P1001',
  clientVersion: '6.0.0',
  meta: [Object],
  digest: '323331746'
}
⨯ Error [PrismaClientKnownRequestError]: 
Invalid `prisma.result.findMany()` invocation:


Can't reach database server at `ep-raspy-wind-aigdwgnv-pooler.c-4.us-east-1.aws.neon.tech:5432`

Please make sure your database server is running at `ep-raspy-wind-aigdwgnv-pooler.c-4.us-east-1.aws.neon.tech:5432`.
    at async n (.next/server/chunks/ssr/[root-of-the-server]__8d2d6be6._.js:23:3533)
    at async m (.next/server/chunks/ssr/Projects_ahmet_edu_04d9592b._.js:1:7245) {
  code: 'P1001',
  clientVersion: '6.0.0',
  meta: [Object],
  digest: '323331746'
}
⨯ Error [PrismaClientKnownRequestError]: 
Invalid `prisma.result.findMany()` invocation:


Can't reach database server at `ep-raspy-wind-aigdwgnv-pooler.c-4.us-east-1.aws.neon.tech:5432`

Please make sure your database server is running at `ep-raspy-wind-aigdwgnv-pooler.c-4.us-east-1.aws.neon.tech:5432`.
    at async n (.next/server/chunks/ssr/[root-of-the-server]__8d2d6be6._.js:23:3533)
    at async m (.next/server/chunks/ssr/Projects_ahmet_edu_04d9592b._.js:1:7245) {
  code: 'P1001',
  clientVersion: '6.0.0',
  meta: [Object],
  digest: '323331746'
}
⨯ Error [PrismaClientKnownRequestError]: 
Invalid `prisma.result.findMany()` invocation:


Can't reach database server at `ep-raspy-wind-aigdwgnv-pooler.c-4.us-east-1.aws.neon.tech:5432`

Please make sure your database server is running at `ep-raspy-wind-aigdwgnv-pooler.c-4.us-east-1.aws.neon.tech:5432`.
    at async n (.next/server/chunks/ssr/[root-of-the-server]__8d2d6be6._.js:23:3533)
    at async m (.next/server/chunks/ssr/Projects_ahmet_edu_04d9592b._.js:1:7245) {
  code: 'P1001',
  clientVersion: '6.0.0',
  meta: [Object],
  digest: '323331746'
}
